⚠️  Service type NodePort detected! Service may fail when nodes are removed from the cluster!
✅ Service "clustermesh-apiserver" of type "NodePort" found
✅ Cluster access information is available:
  - 172.31.218.179:32379
✅ Deployment clustermesh-apiserver is ready
ℹ️  KVStoreMesh is enabled

✅ All 1 nodes are connected to all clusters [min:255 / avg:255.0 / max:255]
✅ All 1 KVStoreMesh replicas are connected to all clusters [min:255 / avg:255.0 / max:255]

🔌 Cluster Connections:
  - cmesh1: 1/1 configured, 1/1 connected - KVStoreMesh: 1/1 configured, 1/1 connected
  - cmesh10: 1/1 configured, 1/1 connected - KVStoreMesh: 1/1 configured, 1/1 connected
  - cmesh100: 1/1 configured, 1/1 connected - KVStoreMesh: 1/1 configured, 1/1 connected
  - cmesh101: 1/1 configured, 1/1 connected - KVStoreMesh: 1/1 configured, 1/1 connected
  - cmesh102: 1/1 configured, 1/1 connected - KVStoreMesh: 1/1 configured, 1/1 connected
  - cmesh103: 1/1 configured, 1/1 connected - KVStoreMesh: 1/1 configured, 1/1 connected
  - cmesh104: 1/1 configured, 1/1 connected - KVStoreMesh: 1/1 configured, 1/1 connected
  - cmesh105: 1/1 configured, 1/1 connected - KVStoreMesh: 1/1 configured, 1/1 connected
  - cmesh106: 1/1 configured, 1/1 connected - KVStoreMesh: 1/1 configured, 1/1 connected
  - cmesh107: 1/1 configured, 1/1 connected - KVStoreMesh: 1/1 configured, 1/1 connected
  - cmesh108: 1/1 configured, 1/1 connected - KVStoreMesh: 1/1 configured, 1/1 connected
  - cmesh109: 1/1 configured, 1/1 connected - KVStoreMesh: 1/1 configured, 1/1 connected
  - cmesh11: 1/1 configured, 1/1 connected - KVStoreMesh: 1/1 configured, 1/1 connected
  - cmesh110: 1/1 configured, 1/1 connected - KVStoreMesh: 1/1 configured, 1/1 connected
  - cmesh111: 1/1 configured, 1/1 connected - KVStoreMesh: 1/1 configured, 1/1 connected
  - cmesh112: 1/1 configured, 1/1 connected - KVStoreMesh: 1/1 configured, 1/1 connected
  - cmesh113: 1/1 configured, 1/1 connected - KVStoreMesh: 1/1 configured, 1/1 connected
  - cmesh114: 1/1 configured, 1/1 connected - KVStoreMesh: 1/1 configured, 1/1 connected
  - cmesh115: 1/1 configured, 1/1 connected - KVStoreMesh: 1/1 configured, 1/1 connected
  - cmesh116: 1/1 configured, 1/1 connected - KVStoreMesh: 1/1 configured, 1/1 connected
  - cmesh117: 1/1 configured, 1/1 connected - KVStoreMesh: 1/1 configured, 1/1 connected
  - cmesh118: 1/1 configured, 1/1 connected - KVStoreMesh: 1/1 configured, 1/1 connected
  - cmesh119: 1/1 configured, 1/1 connected - KVStoreMesh: 1/1 configured, 1/1 connected
  - cmesh12: 1/1 configured, 1/1 connected - KVStoreMesh: 1/1 configured, 1/1 connected
  - cmesh120: 1/1 configured, 1/1 connected - KVStoreMesh: 1/1 configured, 1/1 connected
  - cmesh121: 1/1 configured, 1/1 connected - KVStoreMesh: 1/1 configured, 1/1 connected
  - cmesh122: 1/1 configured, 1/1 connected - KVStoreMesh: 1/1 configured, 1/1 connected
  - cmesh123: 1/1 configured, 1/1 connected - KVStoreMesh: 1/1 configured, 1/1 connected
  - cmesh124: 1/1 configured, 1/1 connected - KVStoreMesh: 1/1 configured, 1/1 connected
  - cmesh125: 1/1 configured, 1/1 connected - KVStoreMesh: 1/1 configured, 1/1 connected
  - cmesh126: 1/1 configured, 1/1 connected - KVStoreMesh: 1/1 configured, 1/1 connected
  - cmesh127: 1/1 configured, 1/1 connected - KVStoreMesh: 1/1 configured, 1/1 connected
  - cmesh128: 1/1 configured, 1/1 connected - KVStoreMesh: 1/1 configured, 1/1 connected
  - cmesh129: 1/1 configured, 1/1 connected - KVStoreMesh: 1/1 configured, 1/1 connected
  - cmesh13: 1/1 configured, 1/1 connected - KVStoreMesh: 1/1 configured, 1/1 connected
  - cmesh130: 1/1 configured, 1/1 connected - KVStoreMesh: 1/1 configured, 1/1 connected
  - cmesh131: 1/1 configured, 1/1 connected - KVStoreMesh: 1/1 configured, 1/1 connected
  - cmesh132: 1/1 configured, 1/1 connected - KVStoreMesh: 1/1 configured, 1/1 connected
  - cmesh133: 1/1 configured, 1/1 connected - KVStoreMesh: 1/1 configured, 1/1 connected
  - cmesh134: 1/1 configured, 1/1 connected - KVStoreMesh: 1/1 configured, 1/1 connected
  - cmesh135: 1/1 configured, 1/1 connected - KVStoreMesh: 1/1 configured, 1/1 connected
  - cmesh136: 1/1 configured, 1/1 connected - KVStoreMesh: 1/1 configured, 1/1 connected
  - cmesh137: 1/1 configured, 1/1 connected - KVStoreMesh: 1/1 configured, 1/1 connected
  - cmesh138: 1/1 configured, 1/1 connected - KVStoreMesh: 1/1 configured, 1/1 connected
  - cmesh139: 1/1 configured, 1/1 connected - KVStoreMesh: 1/1 configured, 1/1 connected
  - cmesh14: 1/1 configured, 1/1 connected - KVStoreMesh: 1/1 configured, 1/1 connected
  - cmesh140: 1/1 configured, 1/1 connected - KVStoreMesh: 1/1 configured, 1/1 connected
  - cmesh141: 1/1 configured, 1/1 connected - KVStoreMesh: 1/1 configured, 1/1 connected
  - cmesh142: 1/1 configured, 1/1 connected - KVStoreMesh: 1/1 configured, 1/1 connected
  - cmesh143: 1/1 configured, 1/1 connected - KVStoreMesh: 1/1 configured, 1/1 connected
  - cmesh144: 1/1 configured, 1/1 connected - KVStoreMesh: 1/1 configured, 1/1 connected
  - cmesh145: 1/1 configured, 1/1 connected - KVStoreMesh: 1/1 configured, 1/1 connected
  - cmesh146: 1/1 configured, 1/1 connected - KVStoreMesh: 1/1 configured, 1/1 connected
  - cmesh147: 1/1 configured, 1/1 connected - KVStoreMesh: 1/1 configured, 1/1 connected
  - cmesh148: 1/1 configured, 1/1 connected - KVStoreMesh: 1/1 configured, 1/1 connected
  - cmesh149: 1/1 configured, 1/1 connected - KVStoreMesh: 1/1 configured, 1/1 connected
  - cmesh15: 1/1 configured, 1/1 connected - KVStoreMesh: 1/1 configured, 1/1 connected
  - cmesh150: 1/1 configured, 1/1 connected - KVStoreMesh: 1/1 configured, 1/1 connected
  - cmesh151: 1/1 configured, 1/1 connected - KVStoreMesh: 1/1 configured, 1/1 connected
  - cmesh152: 1/1 configured, 1/1 connected - KVStoreMesh: 1/1 configured, 1/1 connected
  - cmesh153: 1/1 configured, 1/1 connected - KVStoreMesh: 1/1 configured, 1/1 connected
  - cmesh155: 1/1 configured, 1/1 connected - KVStoreMesh: 1/1 configured, 1/1 connected
  - cmesh156: 1/1 configured, 1/1 connected - KVStoreMesh: 1/1 configured, 1/1 connected
  - cmesh157: 1/1 configured, 1/1 connected - KVStoreMesh: 1/1 configured, 1/1 connected
  - cmesh158: 1/1 configured, 1/1 connected - KVStoreMesh: 1/1 configured, 1/1 connected
  - cmesh159: 1/1 configured, 1/1 connected - KVStoreMesh: 1/1 configured, 1/1 connected
  - cmesh16: 1/1 configured, 1/1 connected - KVStoreMesh: 1/1 configured, 1/1 connected
  - cmesh160: 1/1 configured, 1/1 connected - KVStoreMesh: 1/1 configured, 1/1 connected
  - cmesh161: 1/1 configured, 1/1 connected - KVStoreMesh: 1/1 configured, 1/1 connected
  - cmesh162: 1/1 configured, 1/1 connected - KVStoreMesh: 1/1 configured, 1/1 connected
  - cmesh163: 1/1 configured, 1/1 connected - KVStoreMesh: 1/1 configured, 1/1 connected
  - cmesh164: 1/1 configured, 1/1 connected - KVStoreMesh: 1/1 configured, 1/1 connected
  - cmesh165: 1/1 configured, 1/1 connected - KVStoreMesh: 1/1 configured, 1/1 connected
  - cmesh166: 1/1 configured, 1/1 connected - KVStoreMesh: 1/1 configured, 1/1 connected
  - cmesh167: 1/1 configured, 1/1 connected - KVStoreMesh: 1/1 configured, 1/1 connected
  - cmesh168: 1/1 configured, 1/1 connected - KVStoreMesh: 1/1 configured, 1/1 connected
  - cmesh169: 1/1 configured, 1/1 connected - KVStoreMesh: 1/1 configured, 1/1 connected
  - cmesh17: 1/1 configured, 1/1 connected - KVStoreMesh: 1/1 configured, 1/1 connected
  - cmesh170: 1/1 configured, 1/1 connected - KVStoreMesh: 1/1 configured, 1/1 connected
  - cmesh171: 1/1 configured, 1/1 connected - KVStoreMesh: 1/1 configured, 1/1 connected
  - cmesh172: 1/1 configured, 1/1 connected - KVStoreMesh: 1/1 configured, 1/1 connected
  - cmesh173: 1/1 configured, 1/1 connected - KVStoreMesh: 1/1 configured, 1/1 connected
  - cmesh174: 1/1 configured, 1/1 connected - KVStoreMesh: 1/1 configured, 1/1 connected
  - cmesh175: 1/1 configured, 1/1 connected - KVStoreMesh: 1/1 configured, 1/1 connected
  - cmesh176: 1/1 configured, 1/1 connected - KVStoreMesh: 1/1 configured, 1/1 connected
  - cmesh177: 1/1 configured, 1/1 connected - KVStoreMesh: 1/1 configured, 1/1 connected
  - cmesh178: 1/1 configured, 1/1 connected - KVStoreMesh: 1/1 configured, 1/1 connected
  - cmesh179: 1/1 configured, 1/1 connected - KVStoreMesh: 1/1 configured, 1/1 connected
  - cmesh18: 1/1 configured, 1/1 connected - KVStoreMesh: 1/1 configured, 1/1 connected
  - cmesh180: 1/1 configured, 1/1 connected - KVStoreMesh: 1/1 configured, 1/1 connected
  - cmesh181: 1/1 configured, 1/1 connected - KVStoreMesh: 1/1 configured, 1/1 connected
  - cmesh182: 1/1 configured, 1/1 connected - KVStoreMesh: 1/1 configured, 1/1 connected
  - cmesh183: 1/1 configured, 1/1 connected - KVStoreMesh: 1/1 configured, 1/1 connected
  - cmesh184: 1/1 configured, 1/1 connected - KVStoreMesh: 1/1 configured, 1/1 connected
  - cmesh185: 1/1 configured, 1/1 connected - KVStoreMesh: 1/1 configured, 1/1 connected
  - cmesh186: 1/1 configured, 1/1 connected - KVStoreMesh: 1/1 configured, 1/1 connected
  - cmesh187: 1/1 configured, 1/1 connected - KVStoreMesh: 1/1 configured, 1/1 connected
  - cmesh188: 1/1 configured, 1/1 connected - KVStoreMesh: 1/1 configured, 1/1 connected
  - cmesh189: 1/1 configured, 1/1 connected - KVStoreMesh: 1/1 configured, 1/1 connected
  - cmesh19: 1/1 configured, 1/1 connected - KVStoreMesh: 1/1 configured, 1/1 connected
  - cmesh190: 1/1 configured, 1/1 connected - KVStoreMesh: 1/1 configured, 1/1 connected
  - cmesh191: 1/1 configured, 1/1 connected - KVStoreMesh: 1/1 configured, 1/1 connected
  - cmesh192: 1/1 configured, 1/1 connected - KVStoreMesh: 1/1 configured, 1/1 connected
  - cmesh193: 1/1 configured, 1/1 connected - KVStoreMesh: 1/1 configured, 1/1 connected
  - cmesh194: 1/1 configured, 1/1 connected - KVStoreMesh: 1/1 configured, 1/1 connected
  - cmesh195: 1/1 configured, 1/1 connected - KVStoreMesh: 1/1 configured, 1/1 connected
  - cmesh196: 1/1 configured, 1/1 connected - KVStoreMesh: 1/1 configured, 1/1 connected
  - cmesh197: 1/1 configured, 1/1 connected - KVStoreMesh: 1/1 configured, 1/1 connected
  - cmesh198: 1/1 configured, 1/1 connected - KVStoreMesh: 1/1 configured, 1/1 connected
  - cmesh199: 1/1 configured, 1/1 connected - KVStoreMesh: 1/1 configured, 1/1 connected
  - cmesh2: 1/1 configured, 1/1 connected - KVStoreMesh: 1/1 configured, 1/1 connected
  - cmesh20: 1/1 configured, 1/1 connected - KVStoreMesh: 1/1 configured, 1/1 connected
  - cmesh200: 1/1 configured, 1/1 connected - KVStoreMesh: 1/1 configured, 1/1 connected
  - cmesh201: 1/1 configured, 1/1 connected - KVStoreMesh: 1/1 configured, 1/1 connected
  - cmesh202: 1/1 configured, 1/1 connected - KVStoreMesh: 1/1 configured, 1/1 connected
  - cmesh203: 1/1 configured, 1/1 connected - KVStoreMesh: 1/1 configured, 1/1 connected
  - cmesh204: 1/1 configured, 1/1 connected - KVStoreMesh: 1/1 configured, 1/1 connected
  - cmesh205: 1/1 configured, 1/1 connected - KVStoreMesh: 1/1 configured, 1/1 connected
  - cmesh206: 1/1 configured, 1/1 connected - KVStoreMesh: 1/1 configured, 1/1 connected
  - cmesh207: 1/1 configured, 1/1 connected - KVStoreMesh: 1/1 configured, 1/1 connected
  - cmesh208: 1/1 configured, 1/1 connected - KVStoreMesh: 1/1 configured, 1/1 connected
  - cmesh209: 1/1 configured, 1/1 connected - KVStoreMesh: 1/1 configured, 1/1 connected
  - cmesh21: 1/1 configured, 1/1 connected - KVStoreMesh: 1/1 configured, 1/1 connected
  - cmesh210: 1/1 configured, 1/1 connected - KVStoreMesh: 1/1 configured, 1/1 connected
  - cmesh211: 1/1 configured, 1/1 connected - KVStoreMesh: 1/1 configured, 1/1 connected
  - cmesh212: 1/1 configured, 1/1 connected - KVStoreMesh: 1/1 configured, 1/1 connected
  - cmesh213: 1/1 configured, 1/1 connected - KVStoreMesh: 1/1 configured, 1/1 connected
  - cmesh214: 1/1 configured, 1/1 connected - KVStoreMesh: 1/1 configured, 1/1 connected
  - cmesh215: 1/1 configured, 1/1 connected - KVStoreMesh: 1/1 configured, 1/1 connected
  - cmesh216: 1/1 configured, 1/1 connected - KVStoreMesh: 1/1 configured, 1/1 connected
  - cmesh217: 1/1 configured, 1/1 connected - KVStoreMesh: 1/1 configured, 1/1 connected
  - cmesh218: 1/1 configured, 1/1 connected - KVStoreMesh: 1/1 configured, 1/1 connected
  - cmesh219: 1/1 configured, 1/1 connected - KVStoreMesh: 1/1 configured, 1/1 connected
  - cmesh22: 1/1 configured, 1/1 connected - KVStoreMesh: 1/1 configured, 1/1 connected
  - cmesh220: 1/1 configured, 1/1 connected - KVStoreMesh: 1/1 configured, 1/1 connected
  - cmesh221: 1/1 configured, 1/1 connected - KVStoreMesh: 1/1 configured, 1/1 connected
  - cmesh222: 1/1 configured, 1/1 connected - KVStoreMesh: 1/1 configured, 1/1 connected
  - cmesh223: 1/1 configured, 1/1 connected - KVStoreMesh: 1/1 configured, 1/1 connected
  - cmesh224: 1/1 configured, 1/1 connected - KVStoreMesh: 1/1 configured, 1/1 connected
  - cmesh225: 1/1 configured, 1/1 connected - KVStoreMesh: 1/1 configured, 1/1 connected
  - cmesh226: 1/1 configured, 1/1 connected - KVStoreMesh: 1/1 configured, 1/1 connected
  - cmesh227: 1/1 configured, 1/1 connected - KVStoreMesh: 1/1 configured, 1/1 connected
  - cmesh228: 1/1 configured, 1/1 connected - KVStoreMesh: 1/1 configured, 1/1 connected
  - cmesh229: 1/1 configured, 1/1 connected - KVStoreMesh: 1/1 configured, 1/1 connected
  - cmesh23: 1/1 configured, 1/1 connected - KVStoreMesh: 1/1 configured, 1/1 connected
  - cmesh230: 1/1 configured, 1/1 connected - KVStoreMesh: 1/1 configured, 1/1 connected
  - cmesh231: 1/1 configured, 1/1 connected - KVStoreMesh: 1/1 configured, 1/1 connected
  - cmesh232: 1/1 configured, 1/1 connected - KVStoreMesh: 1/1 configured, 1/1 connected
  - cmesh233: 1/1 configured, 1/1 connected - KVStoreMesh: 1/1 configured, 1/1 connected
  - cmesh234: 1/1 configured, 1/1 connected - KVStoreMesh: 1/1 configured, 1/1 connected
  - cmesh235: 1/1 configured, 1/1 connected - KVStoreMesh: 1/1 configured, 1/1 connected
  - cmesh236: 1/1 configured, 1/1 connected - KVStoreMesh: 1/1 configured, 1/1 connected
  - cmesh237: 1/1 configured, 1/1 connected - KVStoreMesh: 1/1 configured, 1/1 connected
  - cmesh238: 1/1 configured, 1/1 connected - KVStoreMesh: 1/1 configured, 1/1 connected
  - cmesh239: 1/1 configured, 1/1 connected - KVStoreMesh: 1/1 configured, 1/1 connected
  - cmesh24: 1/1 configured, 1/1 connected - KVStoreMesh: 1/1 configured, 1/1 connected
  - cmesh240: 1/1 configured, 1/1 connected - KVStoreMesh: 1/1 configured, 1/1 connected
  - cmesh241: 1/1 configured, 1/1 connected - KVStoreMesh: 1/1 configured, 1/1 connected
  - cmesh242: 1/1 configured, 1/1 connected - KVStoreMesh: 1/1 configured, 1/1 connected
  - cmesh243: 1/1 configured, 1/1 connected - KVStoreMesh: 1/1 configured, 1/1 connected
  - cmesh244: 1/1 configured, 1/1 connected - KVStoreMesh: 1/1 configured, 1/1 connected
  - cmesh245: 1/1 configured, 1/1 connected - KVStoreMesh: 1/1 configured, 1/1 connected
  - cmesh246: 1/1 configured, 1/1 connected - KVStoreMesh: 1/1 configured, 1/1 connected
  - cmesh247: 1/1 configured, 1/1 connected - KVStoreMesh: 1/1 configured, 1/1 connected
  - cmesh248: 1/1 configured, 1/1 connected - KVStoreMesh: 1/1 configured, 1/1 connected
  - cmesh249: 1/1 configured, 1/1 connected - KVStoreMesh: 1/1 configured, 1/1 connected
  - cmesh25: 1/1 configured, 1/1 connected - KVStoreMesh: 1/1 configured, 1/1 connected
  - cmesh250: 1/1 configured, 1/1 connected - KVStoreMesh: 1/1 configured, 1/1 connected
  - cmesh251: 1/1 configured, 1/1 connected - KVStoreMesh: 1/1 configured, 1/1 connected
  - cmesh252: 1/1 configured, 1/1 connected - KVStoreMesh: 1/1 configured, 1/1 connected
  - cmesh253: 1/1 configured, 1/1 connected - KVStoreMesh: 1/1 configured, 1/1 connected
  - cmesh254: 1/1 configured, 1/1 connected - KVStoreMesh: 1/1 configured, 1/1 connected
  - cmesh255: 1/1 configured, 1/1 connected - KVStoreMesh: 1/1 configured, 1/1 connected
  - cmesh256: 1/1 configured, 1/1 connected - KVStoreMesh: 1/1 configured, 1/1 connected
  - cmesh26: 1/1 configured, 1/1 connected - KVStoreMesh: 1/1 configured, 1/1 connected
  - cmesh27: 1/1 configured, 1/1 connected - KVStoreMesh: 1/1 configured, 1/1 connected
  - cmesh28: 1/1 configured, 1/1 connected - KVStoreMesh: 1/1 configured, 1/1 connected
  - cmesh29: 1/1 configured, 1/1 connected - KVStoreMesh: 1/1 configured, 1/1 connected
  - cmesh3: 1/1 configured, 1/1 connected - KVStoreMesh: 1/1 configured, 1/1 connected
  - cmesh30: 1/1 configured, 1/1 connected - KVStoreMesh: 1/1 configured, 1/1 connected
  - cmesh31: 1/1 configured, 1/1 connected - KVStoreMesh: 1/1 configured, 1/1 connected
  - cmesh32: 1/1 configured, 1/1 connected - KVStoreMesh: 1/1 configured, 1/1 connected
  - cmesh33: 1/1 configured, 1/1 connected - KVStoreMesh: 1/1 configured, 1/1 connected
  - cmesh34: 1/1 configured, 1/1 connected - KVStoreMesh: 1/1 configured, 1/1 connected
  - cmesh35: 1/1 configured, 1/1 connected - KVStoreMesh: 1/1 configured, 1/1 connected
  - cmesh36: 1/1 configured, 1/1 connected - KVStoreMesh: 1/1 configured, 1/1 connected
  - cmesh37: 1/1 configured, 1/1 connected - KVStoreMesh: 1/1 configured, 1/1 connected
  - cmesh38: 1/1 configured, 1/1 connected - KVStoreMesh: 1/1 configured, 1/1 connected
  - cmesh39: 1/1 configured, 1/1 connected - KVStoreMesh: 1/1 configured, 1/1 connected
  - cmesh4: 1/1 configured, 1/1 connected - KVStoreMesh: 1/1 configured, 1/1 connected
  - cmesh40: 1/1 configured, 1/1 connected - KVStoreMesh: 1/1 configured, 1/1 connected
  - cmesh41: 1/1 configured, 1/1 connected - KVStoreMesh: 1/1 configured, 1/1 connected
  - cmesh42: 1/1 configured, 1/1 connected - KVStoreMesh: 1/1 configured, 1/1 connected
  - cmesh43: 1/1 configured, 1/1 connected - KVStoreMesh: 1/1 configured, 1/1 connected
  - cmesh44: 1/1 configured, 1/1 connected - KVStoreMesh: 1/1 configured, 1/1 connected
  - cmesh45: 1/1 configured, 1/1 connected - KVStoreMesh: 1/1 configured, 1/1 connected
  - cmesh46: 1/1 configured, 1/1 connected - KVStoreMesh: 1/1 configured, 1/1 connected
  - cmesh47: 1/1 configured, 1/1 connected - KVStoreMesh: 1/1 configured, 1/1 connected
  - cmesh48: 1/1 configured, 1/1 connected - KVStoreMesh: 1/1 configured, 1/1 connected
  - cmesh49: 1/1 configured, 1/1 connected - KVStoreMesh: 1/1 configured, 1/1 connected
  - cmesh5: 1/1 configured, 1/1 connected - KVStoreMesh: 1/1 configured, 1/1 connected
  - cmesh50: 1/1 configured, 1/1 connected - KVStoreMesh: 1/1 configured, 1/1 connected
  - cmesh51: 1/1 configured, 1/1 connected - KVStoreMesh: 1/1 configured, 1/1 connected
  - cmesh52: 1/1 configured, 1/1 connected - KVStoreMesh: 1/1 configured, 1/1 connected
  - cmesh53: 1/1 configured, 1/1 connected - KVStoreMesh: 1/1 configured, 1/1 connected
  - cmesh54: 1/1 configured, 1/1 connected - KVStoreMesh: 1/1 configured, 1/1 connected
  - cmesh55: 1/1 configured, 1/1 connected - KVStoreMesh: 1/1 configured, 1/1 connected
  - cmesh56: 1/1 configured, 1/1 connected - KVStoreMesh: 1/1 configured, 1/1 connected
  - cmesh57: 1/1 configured, 1/1 connected - KVStoreMesh: 1/1 configured, 1/1 connected
  - cmesh58: 1/1 configured, 1/1 connected - KVStoreMesh: 1/1 configured, 1/1 connected
  - cmesh59: 1/1 configured, 1/1 connected - KVStoreMesh: 1/1 configured, 1/1 connected
  - cmesh6: 1/1 configured, 1/1 connected - KVStoreMesh: 1/1 configured, 1/1 connected
  - cmesh60: 1/1 configured, 1/1 connected - KVStoreMesh: 1/1 configured, 1/1 connected
  - cmesh61: 1/1 configured, 1/1 connected - KVStoreMesh: 1/1 configured, 1/1 connected
  - cmesh62: 1/1 configured, 1/1 connected - KVStoreMesh: 1/1 configured, 1/1 connected
  - cmesh63: 1/1 configured, 1/1 connected - KVStoreMesh: 1/1 configured, 1/1 connected
  - cmesh64: 1/1 configured, 1/1 connected - KVStoreMesh: 1/1 configured, 1/1 connected
  - cmesh65: 1/1 configured, 1/1 connected - KVStoreMesh: 1/1 configured, 1/1 connected
  - cmesh66: 1/1 configured, 1/1 connected - KVStoreMesh: 1/1 configured, 1/1 connected
  - cmesh67: 1/1 configured, 1/1 connected - KVStoreMesh: 1/1 configured, 1/1 connected
  - cmesh68: 1/1 configured, 1/1 connected - KVStoreMesh: 1/1 configured, 1/1 connected
  - cmesh69: 1/1 configured, 1/1 connected - KVStoreMesh: 1/1 configured, 1/1 connected
  - cmesh7: 1/1 configured, 1/1 connected - KVStoreMesh: 1/1 configured, 1/1 connected
  - cmesh70: 1/1 configured, 1/1 connected - KVStoreMesh: 1/1 configured, 1/1 connected
  - cmesh71: 1/1 configured, 1/1 connected - KVStoreMesh: 1/1 configured, 1/1 connected
  - cmesh72: 1/1 configured, 1/1 connected - KVStoreMesh: 1/1 configured, 1/1 connected
  - cmesh73: 1/1 configured, 1/1 connected - KVStoreMesh: 1/1 configured, 1/1 connected
  - cmesh74: 1/1 configured, 1/1 connected - KVStoreMesh: 1/1 configured, 1/1 connected
  - cmesh75: 1/1 configured, 1/1 connected - KVStoreMesh: 1/1 configured, 1/1 connected
  - cmesh76: 1/1 configured, 1/1 connected - KVStoreMesh: 1/1 configured, 1/1 connected
  - cmesh77: 1/1 configured, 1/1 connected - KVStoreMesh: 1/1 configured, 1/1 connected
  - cmesh78: 1/1 configured, 1/1 connected - KVStoreMesh: 1/1 configured, 1/1 connected
  - cmesh79: 1/1 configured, 1/1 connected - KVStoreMesh: 1/1 configured, 1/1 connected
  - cmesh8: 1/1 configured, 1/1 connected - KVStoreMesh: 1/1 configured, 1/1 connected
  - cmesh80: 1/1 configured, 1/1 connected - KVStoreMesh: 1/1 configured, 1/1 connected
  - cmesh81: 1/1 configured, 1/1 connected - KVStoreMesh: 1/1 configured, 1/1 connected
  - cmesh82: 1/1 configured, 1/1 connected - KVStoreMesh: 1/1 configured, 1/1 connected
  - cmesh83: 1/1 configured, 1/1 connected - KVStoreMesh: 1/1 configured, 1/1 connected
  - cmesh84: 1/1 configured, 1/1 connected - KVStoreMesh: 1/1 configured, 1/1 connected
  - cmesh85: 1/1 configured, 1/1 connected - KVStoreMesh: 1/1 configured, 1/1 connected
  - cmesh86: 1/1 configured, 1/1 connected - KVStoreMesh: 1/1 configured, 1/1 connected
  - cmesh87: 1/1 configured, 1/1 connected - KVStoreMesh: 1/1 configured, 1/1 connected
  - cmesh88: 1/1 configured, 1/1 connected - KVStoreMesh: 1/1 configured, 1/1 connected
  - cmesh89: 1/1 configured, 1/1 connected - KVStoreMesh: 1/1 configured, 1/1 connected
  - cmesh9: 1/1 configured, 1/1 connected - KVStoreMesh: 1/1 configured, 1/1 connected
  - cmesh90: 1/1 configured, 1/1 connected - KVStoreMesh: 1/1 configured, 1/1 connected
  - cmesh91: 1/1 configured, 1/1 connected - KVStoreMesh: 1/1 configured, 1/1 connected
  - cmesh92: 1/1 configured, 1/1 connected - KVStoreMesh: 1/1 configured, 1/1 connected
  - cmesh93: 1/1 configured, 1/1 connected - KVStoreMesh: 1/1 configured, 1/1 connected
  - cmesh94: 1/1 configured, 1/1 connected - KVStoreMesh: 1/1 configured, 1/1 connected
  - cmesh95: 1/1 configured, 1/1 connected - KVStoreMesh: 1/1 configured, 1/1 connected
  - cmesh96: 1/1 configured, 1/1 connected - KVStoreMesh: 1/1 configured, 1/1 connected
  - cmesh97: 1/1 configured, 1/1 connected - KVStoreMesh: 1/1 configured, 1/1 connected
  - cmesh98: 1/1 configured, 1/1 connected - KVStoreMesh: 1/1 configured, 1/1 connected
  - cmesh99: 1/1 configured, 1/1 connected - KVStoreMesh: 1/1 configured, 1/1 connected

🔀 Global services: [ min:0 / avg:0.0 / max:0 ]

